[    0.000000] Initializing cgroup subsys cpuset
[    0.000000] Initializing cgroup subsys cpu
[    0.000000] Initializing cgroup subsys cpuacct
[    0.000000] Linux version 4.4.0-210-generic (buildd@lgw01-amd64-009) (gcc version 5.4.0 20160609 (Ubuntu 5.4.0-6ubuntu1~16.04.12) ) #242-Ubuntu SMP Fri Apr 16 09:57:56 UTC 2021 (Ubuntu 4.4.0-210.242-generic 4.4.262)
[    0.000000] Command line: BOOT_IMAGE=/boot/vmlinuz-4.4.0-210-generic root=LABEL=cloudimg-rootfs ro console=tty1 console=ttyS0
[    0.000000] KERNEL supported cpus:
[    0.000000]   Intel GenuineIntel
[    0.000000]   AMD AuthenticAMD
[    0.000000]   Centaur CentaurHauls
[    0.000000] x86/fpu: xstate_offset[2]:  576, xstate_sizes[2]:  256
[    0.000000] x86/fpu: Supporting XSAVE feature 0x01: 'x87 floating point registers'
[    0.000000] x86/fpu: Supporting XSAVE feature 0x02: 'SSE registers'
[    0.000000] x86/fpu: Supporting XSAVE feature 0x04: 'AVX registers'
[    0.000000] x86/fpu: Enabled xstate features 0x7, context size is 832 bytes, using 'standard' format.
[    0.000000] e820: BIOS-provided physical RAM map:
[    0.000000] BIOS-e820: [mem 0x0000000000000000-0x000000000009fbff] usable
[    0.000000] BIOS-e820: [mem 0x000000000009fc00-0x000000000009ffff] reserved
[    0.000000] BIOS-e820: [mem 0x00000000000f0000-0x00000000000fffff] reserved
[    0.000000] BIOS-e820: [mem 0x0000000000100000-0x000000003ffeffff] usable
[    0.000000] BIOS-e820: [mem 0x000000003fff0000-0x000000003fffffff] ACPI data
[    0.000000] BIOS-e820: [mem 0x00000000fec00000-0x00000000fec00fff] reserved
[    0.000000] BIOS-e820: [mem 0x00000000fee00000-0x00000000fee00fff] reserved
[    0.000000] BIOS-e820: [mem 0x00000000fffc0000-0x00000000ffffffff] reserved
[    0.000000] NX (Execute Disable) protection: active
[    0.000000] SMBIOS 2.5 present.
[    0.000000] Hypervisor detected: KVM
[    0.000000] e820: last_pfn = 0x3fff0 max_arch_pfn = 0x400000000
[    0.000000] MTRR: Disabled
[    0.000000] x86/PAT: MTRRs disabled, skipping PAT initialization too.
[    0.000000] CPU MTRRs all blank - virtualized system.
[    0.000000] x86/PAT: Configuration [0-7]: WB  WT  UC- UC  WB  WT  UC- UC  
[    0.000000] found SMP MP-table at [mem 0x0009fff0-0x0009ffff] mapped at [ffff88000009fff0]
[    0.000000] Scanning 1 areas for low memory corruption
[    0.000000] RAMDISK: [mem 0x362de000-0x37166fff]
[    0.000000] ACPI: Early table checksum verification disabled
[    0.000000] ACPI: RSDP 0x00000000000E0000 000024 (v02 VBOX  )
[    0.000000] ACPI: XSDT 0x000000003FFF0030 00003C (v01 VBOX   VBOXXSDT 00000001 ASL  00000061)
[    0.000000] ACPI: FACP 0x000000003FFF00F0 0000F4 (v04 VBOX   VBOXFACP 00000001 ASL  00000061)
[    0.000000] ACPI: DSDT 0x000000003FFF0470 002325 (v02 VBOX   VBOXBIOS 00000002 INTL 20120111)
[    0.000000] ACPI: FACS 0x000000003FFF0200 000040
[    0.000000] ACPI: FACS 0x000000003FFF0200 000040
[    0.000000] ACPI: APIC 0x000000003FFF0240 00005C (v02 VBOX   VBOXAPIC 00000001 ASL  00000061)
[    0.000000] ACPI: SSDT 0x000000003FFF02A0 0001CC (v01 VBOX   VBOXCPUT 00000002 INTL 20120111)
[    0.000000] No NUMA configuration found
[    0.000000] Faking a node at [mem 0x0000000000000000-0x000000003ffeffff]
[    0.000000] NODE_DATA(0) allocated [mem 0x3ffeb000-0x3ffeffff]
[    0.000000] kvm-clock: Using msrs 4b564d01 and 4b564d00
[    0.000000] kvm-clock: cpu 0, msr 0:3ffe3001, primary cpu clock
[    0.000000] kvm-clock: using sched offset of 3811488200 cycles
[    0.000000] clocksource: kvm-clock: mask: 0xffffffffffffffff max_cycles: 0x1cd42e4dffb, max_idle_ns: 881590591483 ns
[    0.000000] Zone ranges:
[    0.000000]   DMA      [mem 0x0000000000001000-0x0000000000ffffff]
[    0.000000]   DMA32    [mem 0x0000000001000000-0x000000003ffeffff]
[    0.000000]   Normal   empty
[    0.000000]   Device   empty
[    0.000000] Movable zone start for each node
[    0.000000] Early memory node ranges
[    0.000000]   node   0: [mem 0x0000000000001000-0x000000000009efff]
[    0.000000]   node   0: [mem 0x0000000000100000-0x000000003ffeffff]
[    0.000000] Initmem setup node 0 [mem 0x0000000000001000-0x000000003ffeffff]
[    0.000000] ACPI: PM-Timer IO Port: 0x4008
[    0.000000] IOAPIC[0]: apic_id 2, version 32, address 0xfec00000, GSI 0-23
[    0.000000] ACPI: INT_SRC_OVR (bus 0 bus_irq 0 global_irq 2 dfl dfl)
[    0.000000] ACPI: INT_SRC_OVR (bus 0 bus_irq 9 global_irq 9 low level)
[    0.000000] Using ACPI (MADT) for SMP configuration information
[    0.000000] smpboot: Allowing 2 CPUs, 0 hotplug CPUs
[    0.000000] PM: Registered nosave memory: [mem 0x00000000-0x00000fff]
[    0.000000] PM: Registered nosave memory: [mem 0x0009f000-0x0009ffff]
[    0.000000] PM: Registered nosave memory: [mem 0x000a0000-0x000effff]
[    0.000000] PM: Registered nosave memory: [mem 0x000f0000-0x000fffff]
[    0.000000] e820: [mem 0x40000000-0xfebfffff] available for PCI devices
[    0.000000] Booting paravirtualized kernel on KVM
[    0.000000] clocksource: refined-jiffies: mask: 0xffffffff max_cycles: 0xffffffff, max_idle_ns: 7645519600211568 ns
[    0.000000] setup_percpu: NR_CPUS:512 nr_cpumask_bits:512 nr_cpu_ids:2 nr_node_ids:1
[    0.000000] PERCPU: Embedded 33 pages/cpu @ffff88003fc00000 s95192 r8192 d31784 u1048576
[    0.000000] Built 1 zonelists in Node order, mobility grouping on.  Total pages: 257912
[    0.000000] Policy zone: DMA32
[    0.000000] Kernel command line: BOOT_IMAGE=/boot/vmlinuz-4.4.0-210-generic root=LABEL=cloudimg-rootfs ro console=tty1 console=ttyS0
[    0.000000] PID hash table entries: 4096 (order: 3, 32768 bytes)
[    0.000000] Memory: 997796K/1048120K available (8644K kernel code, 1332K rwdata, 4044K rodata, 1492K init, 1164K bss, 50324K reserved, 0K cma-reserved)
[    0.000000] SLUB: HWalign=64, Order=0-3, MinObjects=0, CPUs=2, Nodes=1
[    0.000000] Kernel/User page tables isolation: enabled
[    0.000000] Hierarchical RCU implementation.
[    0.000000] 	Build-time adjustment of leaf fanout to 64.
[    0.000000] 	RCU restricting CPUs from NR_CPUS=512 to nr_cpu_ids=2.
[    0.000000] RCU: Adjusting geometry for rcu_fanout_leaf=64, nr_cpu_ids=2
[    0.000000] NR_IRQS:33024 nr_irqs:440 16
[    0.000000] Console: colour VGA+ 80x25
[    0.000000] console [tty1] enabled
[    0.000000] console [ttyS0] enabled
[    0.000000] tsc: Detected 2303.998 MHz processor
[    0.168163] Calibrating delay loop (skipped) preset value.. 4607.99 BogoMIPS (lpj=9215992)
[    0.170146] pid_max: default: 32768 minimum: 301
[    0.171481] ACPI: Core revision 20150930
[    0.173174] ACPI: 2 ACPI AML tables successfully acquired and loaded
[    0.175121] Security Framework initialized
[    0.176021] Yama: becoming mindful.
[    0.176826] AppArmor: AppArmor initialized
[    0.177784] Dentry cache hash table entries: 131072 (order: 8, 1048576 bytes)
[    0.180902] Inode-cache hash table entries: 65536 (order: 7, 524288 bytes)
[    0.185093] Mount-cache hash table entries: 2048 (order: 2, 16384 bytes)
[    0.186447] Mountpoint-cache hash table entries: 2048 (order: 2, 16384 bytes)
[    0.188161] Initializing cgroup subsys io
[    0.189495] Initializing cgroup subsys memory
[    0.190743] Initializing cgroup subsys devices
[    0.191767] Initializing cgroup subsys freezer
[    0.192822] Initializing cgroup subsys net_cls
[    0.194020] Initializing cgroup subsys perf_event
[    0.195070] Initializing cgroup subsys net_prio
[    0.196053] Initializing cgroup subsys hugetlb
[    0.197353] Initializing cgroup subsys pids
[    0.212948] mce: CPU supports 0 MCE banks
[    0.214432] Last level iTLB entries: 4KB 64, 2MB 8, 4MB 8
[    0.216177] Last level dTLB entries: 4KB 64, 2MB 0, 4MB 0, 1GB 4
[    0.217904] Spectre V1 : Mitigation: usercopy/swapgs barriers and __user pointer sanitization
[    0.220073] Spectre V2 : Mitigation: Full generic retpoline
[    0.221459] Spectre V2 : Spectre v2 / SpectreRSB mitigation: Filling RSB on context switch
[    0.223275] Speculative Store Bypass: Vulnerable
[    0.224354] SRBDS: Unknown: Dependent on hypervisor status
[    0.225567] MDS: Mitigation: Clear CPU buffers
[    0.229867] Freeing SMP alternatives memory: 36K
[    0.236835] ftrace: allocating 32380 entries in 127 pages
[    0.294302] smpboot: APIC(0) Converting physical 0 to logical package 0
[    0.296489] smpboot: Max logical packages: 1
[    0.297760] x2apic enabled
[    0.298646] Switched APIC routing to physical x2apic.
[    0.301437] ..TIMER: vector=0x30 apic1=0 pin1=2 apic2=-1 pin2=-1
[    0.411099] smpboot: CPU0: Intel(R) Core(TM) i5-7360U CPU @ 2.30GHz (family: 0x6, model: 0x8e, stepping: 0x9)
[    0.413679] Performance Events: unsupported p6 CPU model 142 no PMU driver, software events only.
[    0.426505] KVM setup paravirtual spinlock
[    0.429081] x86: Booting SMP configuration:
[    0.430672] .... node  #0, CPUs:      #1
[    0.431822] kvm-clock: cpu 1, msr 0:3ffe3041, secondary cpu clock
[    0.445551] mce: CPU supports 0 MCE banks
[    0.448407] x86: Booted up 1 node, 2 CPUs
[    0.449928] smpboot: Total of 2 processors activated (9215.99 BogoMIPS)
[    0.452119] devtmpfs: initialized
[    0.454652] evm: security.selinux
[    0.455483] evm: security.SMACK64
[    0.456264] evm: security.SMACK64EXEC
[    0.457123] evm: security.SMACK64TRANSMUTE
[    0.458171] evm: security.SMACK64MMAP
[    0.459110] evm: security.ima
[    0.459954] evm: security.capability
[    0.461103] clocksource: jiffies: mask: 0xffffffff max_cycles: 0xffffffff, max_idle_ns: 7645041785100000 ns
[    0.463287] futex hash table entries: 512 (order: 3, 32768 bytes)
[    0.465385] pinctrl core: initialized pinctrl subsystem
[    0.467477] RTC time:  9:24:42, date: 07/15/21
[    0.468891] NET: Registered protocol family 16
[    0.479404] cpuidle: using governor ladder
[    0.491809] cpuidle: using governor menu
[    0.493842] PCCT header not found.
[    0.495193] ACPI: bus type PCI registered
[    0.496670] acpiphp: ACPI Hot Plug PCI Controller Driver version: 0.5
[    0.499335] PCI: Using configuration type 1 for base access
[    0.512455] ACPI: Added _OSI(Module Device)
[    0.513797] ACPI: Added _OSI(Processor Device)
[    0.514979] ACPI: Added _OSI(3.0 _SCP Extensions)
[    0.516088] ACPI: Added _OSI(Processor Aggregator Device)
[    0.518311] ACPI: Executed 1 blocks of module-level executable AML code
[    0.522285] ACPI: Interpreter enabled
[    0.523344] ACPI: (supports S0 S5)
[    0.524559] ACPI: Using IOAPIC for interrupt routing
[    0.525796] PCI: Using host bridge windows from ACPI; if necessary, use "pci=nocrs" and report a bug
[    0.532443] ACPI: PCI Root Bridge [PCI0] (domain 0000 [bus 00-ff])
[    0.534666] acpi PNP0A03:00: _OSC: OS supports [ASPM ClockPM Segments MSI]
[    0.536380] acpi PNP0A03:00: _OSC: not requesting OS control; OS requires [ExtendedConfig ASPM ClockPM MSI]
[    0.538843] acpi PNP0A03:00: fail to add MMCONFIG information, can't access extended PCI configuration space under this bridge.
[    0.542597] PCI host bridge to bus 0000:00
[    0.544548] pci_bus 0000:00: root bus resource [io  0x0000-0x0cf7 window]
[    0.546235] pci_bus 0000:00: root bus resource [io  0x0d00-0xffff window]
[    0.547732] pci_bus 0000:00: root bus resource [mem 0x000a0000-0x000bffff window]
[    0.550579] pci_bus 0000:00: root bus resource [mem 0x40000000-0xfdffffff window]
[    0.552456] pci_bus 0000:00: root bus resource [bus 00-ff]
[    0.556242] pci 0000:00:01.1: legacy IDE quirk: reg 0x10: [io  0x01f0-0x01f7]
[    0.558039] pci 0000:00:01.1: legacy IDE quirk: reg 0x14: [io  0x03f6]
[    0.559685] pci 0000:00:01.1: legacy IDE quirk: reg 0x18: [io  0x0170-0x0177]
[    0.569286] pci 0000:00:01.1: legacy IDE quirk: reg 0x1c: [io  0x0376]
[    0.588337] pci 0000:00:07.0: quirk: [io  0x4000-0x403f] claimed by PIIX4 ACPI
[    0.591256] pci 0000:00:07.0: quirk: [io  0x4100-0x410f] claimed by PIIX4 SMB
[    0.601967] ACPI: PCI Interrupt Link [LNKA] (IRQs 5 9 10 *11)
[    0.604205] ACPI: PCI Interrupt Link [LNKB] (IRQs 5 9 *10 11)
[    0.606784] ACPI: PCI Interrupt Link [LNKC] (IRQs 5 *9 10 11)
[    0.608570] ACPI: PCI Interrupt Link [LNKD] (IRQs 5 9 10 *11)
[    0.610391] ACPI: Enabled 2 GPEs in block 00 to 07
[    0.612443] vgaarb: setting as boot device: PCI:0000:00:02.0
[    0.613831] vgaarb: device added: PCI:0000:00:02.0,decodes=io+mem,owns=io+mem,locks=none
[    0.615914] vgaarb: loaded
[    0.616847] vgaarb: bridge control possible 0000:00:02.0
[    0.618163] SCSI subsystem initialized
[    0.619367] ACPI: bus type USB registered
[    0.620583] usbcore: registered new interface driver usbfs
[    0.622202] usbcore: registered new interface driver hub
[    0.624016] usbcore: registered new device driver usb
[    0.626796] PCI: Using ACPI for IRQ routing
[    0.628480] NetLabel: Initializing
[    0.629721] NetLabel:  domain hash size = 128
[    0.631125] NetLabel:  protocols = UNLABELED CIPSOv4
[    0.632355] NetLabel:  unlabeled traffic allowed by default
[    0.634123] amd_nb: Cannot enumerate AMD northbridges
[    0.635388] clocksource: Switched to clocksource kvm-clock
[    0.644352] AppArmor: AppArmor Filesystem Enabled
[    0.645915] pnp: PnP ACPI init
[    0.647985] pnp: PnP ACPI: found 3 devices
[    0.656698] clocksource: acpi_pm: mask: 0xffffff max_cycles: 0xffffff, max_idle_ns: 2085701024 ns
[    0.659601] NET: Registered protocol family 2
[    0.660895] TCP established hash table entries: 8192 (order: 4, 65536 bytes)
[    0.662733] TCP bind hash table entries: 8192 (order: 5, 131072 bytes)
[    0.664159] TCP: Hash tables configured (established 8192 bind 8192)
[    0.665470] UDP hash table entries: 512 (order: 2, 16384 bytes)
[    0.666843] UDP-Lite hash table entries: 512 (order: 2, 16384 bytes)
[    0.668802] NET: Registered protocol family 1
[    0.669836] pci 0000:00:00.0: Limiting direct PCI/PCI transfers
[    0.671796] pci 0000:00:01.0: Activating ISA DMA hang workarounds
[    0.674007] Unpacking initramfs...
[    0.933382] Freeing initrd memory: 14884K
[    0.934817] clocksource: tsc: mask: 0xffffffffffffffff max_cycles: 0x2135f5e6f15, max_idle_ns: 440795231538 ns
[    0.937305] platform rtc_cmos: registered platform RTC device (no PNP device found)
[    0.939662] Scanning for low memory corruption every 60 seconds
[    0.941913] audit: initializing netlink subsys (disabled)
[    0.943171] audit: type=2000 audit(1626341087.462:1): initialized
[    0.944708] Initialise system trusted keyring
[    0.945853] HugeTLB registered 2 MB page size, pre-allocated 0 pages
[    0.948928] zbud: loaded
[    0.950266] VFS: Disk quotas dquot_6.6.0
[    0.951389] VFS: Dquot-cache hash table entries: 512 (order 0, 4096 bytes)
[    0.953305] squashfs: version 4.0 (2009/01/31) Phillip Lougher
[    0.954759] fuse init (API version 7.23)
[    0.955828] Key type big_key registered
[    0.956841] Allocating IMA MOK and blacklist keyrings.
[    0.958794] Key type asymmetric registered
[    0.959786] Asymmetric key parser 'x509' registered
[    0.961027] Block layer SCSI generic (bsg) driver version 0.4 loaded (major 249)
[    0.963406] io scheduler noop registered
[    0.964327] io scheduler deadline registered (default)
[    0.965447] io scheduler cfq registered
[    0.966471] pci_hotplug: PCI Hot Plug PCI Core version: 0.5
[    0.968354] pciehp: PCI Express Hot Plug Controller Driver version: 0.4
[    0.970120] ACPI: AC Adapter [AC] (off-line)
[    0.971165] input: Power Button as /devices/LNXSYSTM:00/LNXPWRBN:00/input/input0
[    0.973051] ACPI: Power Button [PWRF]
[    0.973966] input: Sleep Button as /devices/LNXSYSTM:00/LNXSLPBN:00/input/input1
[    0.975686] ACPI: Sleep Button [SLPF]
[    0.977286] GHES: HEST is not enabled!
[    0.978600] ACPI: Battery Slot [BAT0] (battery present)
[    0.979454] Serial: 8250/16550 driver, 32 ports, IRQ sharing enabled
[    1.000837] 00:02: ttyS0 at I/O 0x3f8 (irq = 4, base_baud = 115200) is a 16550A
[    1.003201] Linux agpgart interface v0.103
[    1.005026] loop: module loaded
[    1.005596] scsi host0: ata_piix
[    1.005640] scsi host1: ata_piix
[    1.005662] ata1: PATA max UDMA/33 cmd 0x1f0 ctl 0x3f6 bmdma 0xd000 irq 14
[    1.005663] ata2: PATA max UDMA/33 cmd 0x170 ctl 0x376 bmdma 0xd008 irq 15
[    1.005718] libphy: Fixed MDIO Bus: probed
[    1.005720] tun: Universal TUN/TAP device driver, 1.6
[    1.005720] tun: (C) 1999-2004 Max Krasnyansky <maxk@qualcomm.com>
[    1.005746] PPP generic driver version 2.4.2
[    1.005781] ehci_hcd: USB 2.0 'Enhanced' Host Controller (EHCI) Driver
[    1.005784] ehci-pci: EHCI PCI platform driver
[    1.005795] ehci-platform: EHCI generic platform driver
[    1.005801] ohci_hcd: USB 1.1 'Open' Host Controller (OHCI) Driver
[    1.005803] ohci-pci: OHCI PCI platform driver
[    1.005809] ohci-platform: OHCI generic platform driver
[    1.005815] uhci_hcd: USB Universal Host Controller Interface driver
[    1.005855] i8042: PNP: PS/2 Controller [PNP0303:PS2K,PNP0f03:PS2M] at 0x60,0x64 irq 1,12
[    1.006343] serio: i8042 KBD port at 0x60,0x64 irq 1
[    1.006347] serio: i8042 AUX port at 0x60,0x64 irq 12
[    1.006426] mousedev: PS/2 mouse device common for all mice
[    1.006784] input: AT Translated Set 2 keyboard as /devices/platform/i8042/serio0/input/input2
[    1.007138] rtc_cmos rtc_cmos: rtc core: registered rtc_cmos as rtc0
[    1.007196] rtc_cmos rtc_cmos: alarms up to one day, 114 bytes nvram
[    1.007202] i2c /dev entries driver
[    1.007256] device-mapper: uevent: version 1.0.3
[    1.007311] device-mapper: ioctl: 4.34.0-ioctl (2015-10-28) initialised: dm-devel@redhat.com
[    1.007329] ledtrig-cpu: registered to indicate activity on CPUs
[    1.007638] NET: Registered protocol family 10
[    1.007833] NET: Registered protocol family 17
[    1.007848] Key type dns_resolver registered
[    1.008187] registered taskstats version 1
[    1.008199] Loading compiled-in X.509 certificates
[    1.008987] Loaded X.509 cert 'Build time autogenerated kernel key: cf00e047681d67edb2720680708b7d9498083038'
[    1.009006] zswap: loaded using pool lzo/zbud
[    1.025747] Key type trusted registered
[    1.028318] Key type encrypted registered
[    1.028324] AppArmor: AppArmor sha1 policy hashing enabled
[    1.028326] ima: No TPM chip found, activating TPM-bypass!
[    1.028333] ima: Allocated hash algorithm: sha1
[    1.028344] evm: HMAC attrs: 0x1
[    1.028789]   Magic number: 13:460:424
[    1.030703] rtc_cmos rtc_cmos: setting system clock to 2021-07-15 09:24:42 UTC (1626341082)
[    1.030905] BIOS EDD facility v0.16 2004-Jun-25, 0 devices found
[    1.030905] EDD information not available.
[    1.251779] Freeing unused kernel memory: 1492K
[    1.253328] Write protecting the kernel read-only data: 14336k
[    1.255336] Freeing unused kernel memory: 1584K
[    1.256482] Freeing unused kernel memory: 52K
Loading, please wait...
starting version 229
[    1.269745] random: systemd-udevd: uninitialized urandom read (16 bytes read, 3 bits of entropy available)
[    1.270481] random: udevadm: uninitialized urandom read (16 bytes read, 3 bits of entropy available)
[    1.270514] random: udevadm: uninitialized urandom read (16 bytes read, 3 bits of entropy available)
[    1.278876] random: systemd-udevd: uninitialized urandom read (16 bytes read, 3 bits of entropy available)
[    1.280484] random: udevadm: uninitialized urandom read (16 bytes read, 3 bits of entropy available)
[    1.280528] random: udevadm: uninitialized urandom read (16 bytes read, 3 bits of entropy available)
[    1.280651] random: udevadm: uninitialized urandom read (16 bytes read, 3 bits of entropy available)
[    1.280700] random: udevadm: uninitialized urandom read (16 bytes read, 3 bits of entropy available)
[    1.280750] random: udevadm: uninitialized urandom read (16 bytes read, 3 bits of entropy available)
[    1.280799] random: udevadm: uninitialized urandom read (16 bytes read, 3 bits of entropy available)
[    1.336312] e1000: Intel(R) PRO/1000 Network Driver - version 7.3.21-k8-NAPI
[    1.338391] e1000: Copyright (c) 1999-2006 Intel Corporation.
[    1.348952] Fusion MPT base driver 3.04.20
[    1.351023] Copyright (c) 1999-2008 LSI Corporation
[    1.358005] Fusion MPT SPI Host driver 3.04.20
[    1.361276] AVX2 version of gcm_enc/dec engaged.
[    1.362690] AES CTR mode by8 optimization enabled
[    1.552714] input: ImExPS/2 Generic Explorer Mouse as /devices/platform/i8042/serio1/input/input4
[    1.749953] e1000 0000:00:03.0 eth0: (PCI:33MHz:32-bit) 02:0f:93:65:62:e0
[    1.752648] e1000 0000:00:03.0 eth0: Intel(R) PRO/1000 Network Connection
[    2.289541] e1000 0000:00:08.0 eth1: (PCI:33MHz:32-bit) 08:00:27:6d:4b:33
[    2.291864] e1000 0000:00:08.0 eth1: Intel(R) PRO/1000 Network Connection
[    2.295124] e1000 0000:00:03.0 enp0s3: renamed from eth0
[    2.297436] mptbase: ioc0: Initiating bringup
[    2.730795] e1000 0000:00:08.0 enp0s8: renamed from eth1
[    3.085393] ioc0: LSI53C1030 A0: Capabilities={Initiator}
[    5.144562] scsi host2: ioc0: LSI53C1030 A0, FwRev=00000000h, Ports=1, MaxQ=256, IRQ=20
[    7.086517] scsi 2:0:0:0: Direct-Access     VBOX     HARDDISK         1.0  PQ: 0 ANSI: 5
[    7.089651] scsi target2:0:0: Beginning Domain Validation
[    7.092546] scsi target2:0:0: Domain Validation skipping write tests
[    7.095091] scsi target2:0:0: Ending Domain Validation
[    7.096563] scsi target2:0:0: asynchronous
[    7.098602] scsi 2:0:1:0: Direct-Access     VBOX     HARDDISK         1.0  PQ: 0 ANSI: 5
[    7.108664] scsi target2:0:1: Beginning Domain Validation
[    7.111163] scsi target2:0:1: Domain Validation skipping write tests
[    7.112526] scsi target2:0:1: Ending Domain Validation
[    7.114349] scsi target2:0:1: asynchronous
[    7.121789] sd 2:0:0:0: Attached scsi generic sg0 type 0
[    7.123249] sd 2:0:0:0: [sda] 83886080 512-byte logical blocks: (42.9 GB/40.0 GiB)
[    7.125881] sd 2:0:1:0: Attached scsi generic sg1 type 0
[    7.127057] sd 2:0:1:0: [sdb] 20480 512-byte logical blocks: (10.5 MB/10.0 MiB)
[    7.129350] sd 2:0:1:0: [sdb] Write Protect is off
[    7.131094] sd 2:0:0:0: [sda] Write Protect is off
[    7.132338] sd 2:0:1:0: [sdb] Incomplete mode parameter data
[    7.134183] sd 2:0:1:0: [sdb] Assuming drive cache: write through
[    7.135487] sd 2:0:0:0: [sda] Incomplete mode parameter data
[    7.136766] sd 2:0:0:0: [sda] Assuming drive cache: write through
[    7.144187]  sda: sda1
[    7.146178] sd 2:0:1:0: [sdb] Attached SCSI disk
[    7.147837] sd 2:0:0:0: [sda] Attached SCSI disk
Begin: Loading essential drivers[    8.449293] md: linear personality registered for level -1
 ... [    8.459049] md: multipath personality registered for level -4
[    8.462972] md: raid0 personality registered for level 0
[    8.467224] md: raid1 personality registered for level 1
[    8.539421] raid6: sse2x1   gen() 11182 MB/s
[    8.607474] raid6: sse2x1   xor()  8569 MB/s
[    8.675426] raid6: sse2x2   gen() 11752 MB/s
[    8.743458] raid6: sse2x2   xor()  9566 MB/s
[    8.811483] raid6: sse2x4   gen() 10098 MB/s
[    8.879461] raid6: sse2x4   xor()  4986 MB/s
[    8.947450] raid6: avx2x1   gen() 20263 MB/s
[    9.015427] raid6: avx2x2   gen() 25399 MB/s
[    9.083443] raid6: avx2x4   gen() 28557 MB/s
[    9.084845] raid6: using algorithm avx2x4 gen() 28557 MB/s
[    9.086271] raid6: using avx2x2 recovery algorithm
[    9.089138] xor: automatically using best checksumming function:
[    9.127443]    avx       : 22858.000 MB/sec
[    9.130828] async_tx: api initialized (async)
[    9.141162] md: raid6 personality registered for level 6
[    9.142622] md: raid5 personality registered for level 5
[    9.143919] md: raid4 personality registered for level 4
[    9.151142] md: raid10 personality registered for level 10
done.
Begin: Running /scripts/init-premount ... done.
Begin: Mounting root file system ... Begin: Running /scripts/local-top ... done.
Begin: Running /scripts/local-premount ... [    9.179666] Btrfs loaded
Scanning for Btrfs filesystems
done.
Warning: fsck not present, so skipping root file system
[    9.221772] EXT4-fs (sda1): mounted filesystem with ordered data mode. Opts: (null)
done.
Begin: Running /scripts/local-bottom ... done.
Begin: Running /scripts/init-bottom ... done.
[    9.330727] systemd[1]: systemd 229 running in system mode. (+PAM +AUDIT +SELINUX +IMA +APPARMOR +SMACK +SYSVINIT +UTMP +LIBCRYPTSETUP +GCRYPT +GNUTLS +ACL +XZ -LZ4 +SECCOMP +BLKID +ELFUTILS +KMOD -IDN)
[    9.335309] systemd[1]: Detected virtualization oracle.
[    9.336824] systemd[1]: Detected architecture x86-64.

Welcome to [1mUbuntu 16.04.7 LTS[0m!

[   10.003550] systemd[1]: Set hostname to <ubuntu>.
[   10.009259] systemd[1]: Initializing machine ID from random generator.
[   10.013535] systemd[1]: Installed transient /etc/machine-id file.
[   10.289796] systemd[1]: Listening on udev Kernel Socket.
[[0;32m  OK  [0m] Listening on udev Kernel Socket.
[   10.292967] systemd[1]: Listening on LVM2 metadata daemon socket.
[[0;32m  OK  [0m] Listening on LVM2 metadata daemon socket.
[   11.165848] systemd[1]: Listening on Journal Socket.
[[0;32m  OK  [0m] Listening on Journal Socket.
[   11.169502] systemd[1]: Reached target Swap.
[[0;32m  OK  [0m] Reached target Swap.
[   11.171912] systemd[1]: Listening on Journal Audit Socket.
[[0;32m  OK  [0m] Listening on Journal Audit Socket.
[   11.175014] systemd[1]: Created slice System Slice.
[[0;32m  OK  [0m] Created slice System Slice.
[   11.960289] systemd[1]: Created slice system-serial\x2dgetty.slice.
[[0;32m  OK  [0m] Created slice system-serial\x2dgetty.slice.
[   12.086000] systemd[1]: Starting Load Kernel Modules...
         Starting Load Kernel Modules...
[   12.090131] systemd[1]: Reached target User and Group Name Lookups.
[[0;32m  OK  [0m] Reached target User and Group Name Lookups.
[   12.095147] systemd[1]: Mounting Debug File System...
         Mounting Debug File System...
[   12.100253] Loading iSCSI transport class v2.0-870.
[   12.103580] systemd[1]: Listening on Journal Socket (/dev/log).
[[0;32m  OK  [0m] Listening on Journal Socket (/dev/log).
[   12.109301] iscsi: registered transport (tcp)
[   12.111676] systemd[1]: Listening on fsck to fsckd communication Socket.
[[0;32m  OK  [0m] Listening on fsck to fsckd communication Socket.
[   12.127821] systemd[1]: Starting File System Check on Root Device...
         Starting File System Check on Root Device...
[   12.131128] systemd[1]: Listening on LVM2 poll daemon socket.
[[0;32m  OK  [0m] Listening on LVM2 poll daemon socket.
[   12.135009] systemd[1]: Reached target Encrypted Volumes.
[[0;32m  OK  [0m] Reached target Encrypted Volumes.
[   12.139277] systemd[1]: Listening on Syslog Socket.
[   12.141964] iscsi: registered transport (iser)
[[0;32m  OK  [0m] Listening on Syslog Socket.
[   12.146247] systemd[1]: Starting Journal Service...
         Starting Journal Service...
[   12.152477] systemd[1]: Starting Create list of required static device nodes for the current kernel...
         Starting Create list of required st... nodes for the current kernel...
[   12.160431] systemd[1]: Started Trigger resolvconf update for networkd DNS.
[[0;32m  OK  [0m] Started Trigger resolvconf update for networkd DNS.
[   12.165462] systemd[1]: Listening on udev Control Socket.
[[0;32m  OK  [0m] Listening on udev Control Socket.
[   12.169640] systemd[1]: Started Forward Password Requests to Wall Directory Watch.
[[0;32m  OK  [0m] Started Forward Password Requests to Wall Directory Watch.
[   12.177092] systemd[1]: Mounting Huge Pages File System...
         Mounting Huge Pages File System...
[   12.184410] systemd[1]: Starting Nameserver information manager...
         Starting Nameserver information manager...
[   12.196677] systemd[1]: Starting Uncomplicated firewall...
         Starting Uncomplicated firewall...
[   12.201376] systemd[1]: Set up automount Arbitrary Executable File Formats File System Automount Point.
[[0;32m  OK  [0m] Set up automount Arbitrary Executab...ats File System Automount Point.
[   12.218767] systemd[1]: Listening on /dev/initctl Compatibility Named Pipe.
[[0;32m  OK  [0m] Listening on /dev/initctl Compatibility Named Pipe.
[   12.224657] systemd[1]: Reached target System Time Synchronized.
[[0;32m  OK  [0m] Reached target System Time Synchronized.
[   12.239685] systemd[1]: Starting Set console keymap...
[   12.240770] random: nonblocking pool is initialized
         Starting Set console keymap...
[   12.248066] systemd[1]: Listening on Device-mapper event daemon FIFOs.
[[0;32m  OK  [0m] Listening on Device-mapper event daemon FIFOs.
[   12.254742] systemd[1]: Created slice User and Session Slice.
[[0;32m  OK  [0m] Created slice User and Session Slice.
[   12.271681] systemd[1]: Reached target Slices.
[[0;32m  OK  [0m] Reached target Slices.
[   12.296312] systemd[1]: Starting Monitoring of LVM2 mirrors, snapshots etc. using dmeventd or progress polling...
         Starting Monitoring of LVM2 mirrors... dmeventd or progress polling...
[   12.309875] systemd[1]: Mounting POSIX Message Queue File System...
         Mounting POSIX Message Queue File System...
[   12.314140] systemd[1]: Mounted Huge Pages File System.
[[0;32m  OK  [0m] Mounted Huge Pages File System.
[   12.316906] systemd[1]: Mounted Debug File System.
[[0;32m  OK  [0m] Mounted Debug File System.
[   12.319620] systemd[1]: Mounted POSIX Message Queue File System.
[[0;32m  OK  [0m] Mounted POSIX Message Queue File System.
[   12.322254] systemd[1]: Started Journal Service.
[[0;32m  OK  [0m] Started Journal Service.
[[0;32m  OK  [0m] Started Load Kernel Modules.
[[0;32m  OK  [0m] Started File System Check on Root Device.
[[0;32m  OK  [0m] Started Create list of required sta...ce nodes for the current kernel.
[[0;32m  OK  [0m] Started Uncomplicated firewall.
[[0;32m  OK  [0m] Started Set console keymap.
[[0;32m  OK  [0m] Started Nameserver information manager.
[[0;32m  OK  [0m] Started LVM2 metadata daemon.
[[0;32m  OK  [0m] Started File System Check Daemon to report status.
         Starting Create Static Device Nodes in /dev...
         Starting Remount Root and Kernel File Systems...
         Starting Apply Kernel Variables...
         Mounting FUSE Control File System...
[[0;32m  OK  [0m] Mounted FUSE Control File System.
[   12.373225] EXT4-fs (sda1): re-mounted. Opts: (null)
[[0;32m  OK  [0m] Started Remount Root and Kernel File Systems.
         Starting Load/Save Random Seed...
         Starting Flush Journal to Persistent Storage...
         Starting udev Coldplug all Devices...
[[0;32m  OK  [0m] Started Apply Kernel Variables.
[[0;32m  OK  [0m] Started Load/Save Random Seed.
[[0;32m  OK  [0m] Started Flush Journal to Persistent Storage.
[[0;32m  OK  [0m] Started Create Static Device Nodes in /dev.
         Starting udev Kernel Device Manager...
[[0;32m  OK  [0m] Started Monitoring of LVM2 mirrors,...ng dmeventd or progress polling.
[[0;32m  OK  [0m] Reached target Local File Systems (Pre).
[[0;32m  OK  [0m] Reached target Local File Systems.
         Starting Tell Plymouth To Write Out Runtime Data...
         Starting Commit a transient machine-id on disk...
         Starting Set console font and keymap...
         Starting Initial cloud-init job (pre-networking)...
         Starting Create Volatile Files and Directories...
         Starting LSB: AppArmor initialization...
[[0;32m  OK  [0m] Started udev Kernel Device Manager.
[[0;32m  OK  [0m] Started udev Coldplug all Devices.
[[0;32m  OK  [0m] Started Tell Plymouth To Write Out Runtime Data.
[[0;32m  OK  [0m] Started Create Volatile Files and Directories.
[[0;32m  OK  [0m] Started Commit a transient machine-id on disk.
         Starting Update UTMP about System Boot/Shutdown...
[[0;32m  OK  [0m] Started Dispatch Password Requests to Console Directory Watch.
[[0;32m  OK  [0m] Started Update UTMP about System Boot/Shutdown.
[[0;32m  OK  [0m] Found device /dev/ttyS0.
[[0;32m  OK  [0m] Listening on Load/Save RF Kill Switch Status /dev/rfkill Watch.
[[0;32m  OK  [0m] Started Set console font and keymap.
[[0;32m  OK  [0m] Started LSB: AppArmor initialization.
         Starting Load AppArmor profiles managed internally by snapd...
[[0;32m  OK  [0m] Created slice system-getty.slice.
[[0;32m  OK  [0m] Started Load AppArmor profiles managed internally by snapd.
[   13.704881] cloud-init[500]: Cloud-init v. 21.1-19-gbad84ad4-0ubuntu1~16.04.2 running 'init-local' at Thu, 15 Jul 2021 09:24:54 +0000. Up 13.23 seconds.
[[0;32m  OK  [0m] Started Initial cloud-init job (pre-networking).
[[0;32m  OK  [0m] Reached target Network (Pre).
         Starting Raise network interfaces...
[[0;32m  OK  [0m] Started Raise network interfaces.
[[0;32m  OK  [0m] Reached target Network.
         Starting Initial cloud-init job (metadata service crawler)...
[   14.852843] cloud-init[962]: Cloud-init v. 21.1-19-gbad84ad4-0ubuntu1~16.04.2 running 'init' at Thu, 15 Jul 2021 09:24:55 +0000. Up 14.29 seconds.
[   14.860586] cloud-init[962]: ci-info: ++++++++++++++++++++++++++++++++++++++Net device info++++++++++++++++++++++++++++++++++++++
[   14.868365] cloud-init[962]: ci-info: +--------+-------+---------------------------+---------------+--------+-------------------+
[   14.870785] cloud-init[962]: ci-info: | Device |   Up  |          Address          |      Mask     | Scope  |     Hw-Address    |
[   14.873396] cloud-init[962]: ci-info: +--------+-------+---------------------------+---------------+--------+-------------------+
[   14.876251] cloud-init[962]: ci-info: | enp0s3 |  True |         10.0.2.15         | 255.255.255.0 | global | 02:0f:93:65:62:e0 |
[   14.878977] cloud-init[962]: ci-info: | enp0s3 |  True | fe80::f:93ff:fe65:62e0/64 |       .       |  link  | 02:0f:93:65:62:e0 |
[   14.881749] cloud-init[962]: ci-info: | enp0s8 | False |             .             |       .       |   .    | 08:00:27:6d:4b:33 |
[   14.883849] cloud-init[962]: ci-info: |   lo   |  True |         127.0.0.1         |   255.0.0.0   |  host  |         .         |
[   14.886975] cloud-init[962]: ci-info: |   lo   |  True |          ::1/128          |       .       |  host  |         .         |
[   14.896366] cloud-init[962]: ci-info: +--------+-------+---------------------------+---------------+--------+-------------------+
[   14.898635] cloud-init[962]: ci-info: +++++++++++++++++++++++++++Route IPv4 info++++++++++++++++++++++++++++
[   14.900626] cloud-init[962]: ci-info: +-------+-------------+----------+---------------+-----------+-------+
[   14.902738] cloud-init[962]: ci-info: | Route | Destination | Gateway  |    Genmask    | Interface | Flags |
[   14.904663] cloud-init[962]: ci-info: +-------+-------------+----------+---------------+-----------+-------+
[   14.906939] cloud-init[962]: ci-info: |   0   |   0.0.0.0   | 10.0.2.2 |    0.0.0.0    |   enp0s3  |   UG  |
[   14.908920] cloud-init[962]: ci-info: |   1   |   10.0.2.0  | 0.0.0.0  | 255.255.255.0 |   enp0s3  |   U   |
[   14.910787] cloud-init[962]: ci-info: +-------+-------------+----------+---------------+-----------+-------+
[   14.912782] cloud-init[962]: ci-info: +++++++++++++++++++Route IPv6 info+++++++++++++++++++
[   14.914679] cloud-init[962]: ci-info: +-------+-------------+---------+-----------+-------+
[   14.924485] cloud-init[962]: ci-info: | Route | Destination | Gateway | Interface | Flags |
[   14.926301] cloud-init[962]: ci-info: +-------+-------------+---------+-----------+-------+
[[0;32m  OK  [0m] Started Initial cloud-init job (metadata service crawler).
[   14.933432] [[0;32m  OK  [0m] Reached target System Initialization.
cloud-init[962]: ci-info: |   0   |  fe80::/64  |    ::   |   enp0s3  |   U   |
         Starting LXD - unix socket.
[[0;32m  OK  [0m] Listening on ACPID Listen Socket.
[   14.939437] [[0;32m  OK  [0m] Listening on D-Bus System Message Bus Socket.
[[0;32m  OK  [0m] Started Daily apt download activities.
cloud-init[962]: ci-info: |   3   |   ff00::/8  |    ::   |   enp0s3  |   U   |
[   14.952476] [[0;32m  OK  [0m] Started Daily apt upgrade and clean activities.
[[0;32m  OK  [0m] Started Ubuntu Advantage update messaging.
cloud-init[962]: ci-info: +-------+-------------+---------+-----------+-------+
[   14.965366] [[0;32m  OK  [0m] Started ACPI Events Check.
[[0;32m  OK  [0m] Reached target Paths.
[[0;32m  OK  [0m] Started Message of the Day.
cloud-init[962]: Generating public/private rsa key pair.
[   14.968776]          Starting Socket activation for snappy daemon.
[[0;32m  OK  [0m] Started Daily Cleanup of Temporary Directories.
[[0;32m  OK  [0m] Reached target Timers.
[[0;32m  OK  [0m] Listening on UUID daemon activation socket.
cloud-init[962]: Your identification has been saved in /etc/ssh/ssh_host_rsa_key.
[   14.972970] [[0;32m  OK  [0m] Reached target Cloud-config availability.
[cloud-init[0;32m  OK  [0m[962]: ] Your public key has been saved in /etc/ssh/ssh_host_rsa_key.pub.Reached target Network is Online.

[   14.977019] cloud-init[962]: The key fingerprint is:
[   14.978216] cloud-init[962]: SHA256:Pz1g0oRB9kqP37QoRAfNG9Je8cWVr6KBHHXL/dKI6j8 root@ubuntu-xenial
[   14.979963] cloud-init[962]: The key's randomart image is:
[   14.989052]          Starting iSCSI initiator daemon (iscsid)...
[[0;32m  OK  [0m] Listening on LXD - unix socket.
cloud-init[962]: +---[RSA 2048]----+
[   14.993007] cloud-init[962]: |       .=+  .. .=|
[   14.994543] cloud-init[962]: |       ..=* o. o.|
[   14.996797] [cloud-init[0;32m  OK  [0m[962]: ] |        +++* o. .|Listening on Socket activation for snappy daemon.

[[0;32m  OK  [0m] Reached target Sockets.
[[0;32m  OK  [0m] Reached target Basic System.
         Starting Virtualbox guest utils...
[   14.998090] [[0;32m  OK  [0m] Started ACPI event daemon.
         Starting LXD - container startup/shutdown...
[[0;32m  OK  [0m] Started Regular background program processing daemon.
[[0;32m  OK  [0m] Started D-Bus System Message Bus.
cloud-init[962]: |       o.Bo o . .|
[   15.022792] cloud-init[962]: |       .So= .. = |
[   15.028372] cloud-init[962]: |       .o=.*o.+ o|
[   15.029593] cloud-init[962]: |        . =+=. . |
[   15.030899] cloud-init[962]: |         .o.E.   |
[   15.032208] cloud-init[962]: |         .....   |
[   15.033756] cloud-init[962]: +----[SHA256]-----+
[   15.035330] cloud-init[962]: Generating public/private dsa key pair.
[   15.038121] cloud-init[962]: Your identification has been saved in /etc/ssh/ssh_host_dsa_key.
[   15.039694] cloud-init[962]: Your public key has been saved in /etc/ssh/ssh_host_dsa_key.pub.
[   15.041628] cloud-init[962]: The key fingerprint is:
[   15.042826] cloud-init[962]: SHA256:tSTmEOV0yg9o9D8QMFbkOlyeMZAM84Dm6Db0I3v+dLw root@ubuntu-xenial
[   15.044494] cloud-init[962]: The key's randomart image is:
[   15.046025] cloud-init[962]: +---[DSA 1024]----+
[   15.052594] cloud-init[962]: |   .+oB** .      |
[   15.053979] cloud-init[962]: |  o  *o@ +       |
[   15.055938] cloud-init[962]: | +    = # o      |
[   15.058593] cloud-init[962]: |...  o B % .     |
[   15.060154] cloud-init[962]: |o .   + S =      |
[   15.061581] cloud-init[962]: | = o  ..   .     |
[   15.063129] cloud-init[962]: |. + .. o         |
         Starting Pollinate to seed the pseudo random number generator...
         Starting Accounts Service...
         Starting LSB: Record successful boot for GRUB...
[[0;32m  OK  [0m] Started FUSE filesystem for LXC.
         Starting System Logging Service...
[[0;32m  OK  [0m] Started Deferred execution scheduler.
[   15.078430] cloud-init[962]: | . .. . .        |
[   15.092862] cloud-init[962]: |  o... E         |
         Starting /etc/rc.local Compatibility...
         Starting LSB: MD monitoring daemon...
[   15.100409]          Starting Snap Daemon...
         Starting Login Service...
[[0;32m  OK  [0m] Started /etc/rc.local Compatibility.
cloud-init[962]: +----[SHA256]-----+
[[0;32m  OK  [0m] Started iSCSI initiator daemon (iscsid).
[[0;32m  OK  [0m] Started System Logging Service.
         Starting Login to default iSCSI targets...
[   15.121309] cloud-init[962]: Generating public/private ecdsa key pair.
[   15.149105] cloud-init[962]: Your identification has been saved in /etc/ssh/ssh_host_ecdsa_key.
[   15.150685] cloud-init[962]: Your public key has been saved in /etc/ssh/ssh_host_ecdsa_key.pub.
[   15.152468] cloud-init[962]: The key fingerprint is:
[[0;32m  OK  [0m] Started Login Service.
[   15.172923] cloud-init[962]: SHA256:tXdZJXpNGHBCvQTx1vr8iO30egxhex4HZ3kOLuqgw4Q root@ubuntu-xenial
[[0;32m  OK  [0m] Started Unattended Upgrades Shutdown.
[[0;32m  OK  [0m] Started LSB: Record successful boot for GRUB.
[   15.187637] cloud-init[962]: The key's randomart image is:
         Starting Authenticate and Authorize Users to Run Privileged Tasks...
[   15.209056] cloud-init[962]: +---[ECDSA 256]---+
[[0;32m  OK  [0m] Started Login to default iSCSI targets.
[[0;32m  OK  [0m] Reached target Remote File Systems (Pre).
[[0;32m  OK  [0m] Reached target Remote File Systems.
         Starting LSB: Set the CPU Frequency Scaling governor to "ondemand"...
[   15.213397] cloud-init[962]: |           .*=+oo|
         Starting LSB: daemon to balance interrupts for SMP systems...
         Starting Permit User Sessions...
         Starting LSB: automatic crash report generation...
[   15.234580] cloud-init[962]: |             =+=.|
[[0;32m  OK  [0m] Started Permit User Sessions.
         Starting Hold until boot process finishes up...
[   15.251935] cloud-init[962]: |          . ..+.=|
         Starting Terminate Plymouth Boot Screen...
[[0;32m  OK  [0m] Started LSB: MD monitoring daemon.
[   15.262025] cloud-init[962]: |         . . o*=+|
[[0;32m  OK  [0m] Started Hold until boot process finishes up.
[[0;32m  OK  [0m] Started LSB: Set the CPU Frequency Scaling governor to "ondemand".
[   15.279163] [[0;32m  OK  [0m] Started Terminate Plymouth Boot Screen.
cloud-init[962]: |     .  S . .o+O.|
[   15.294347] [[0;32m  OK  [0m] Started Getty on tty1.
[[0;32m  OK  [0m] Started Serial Getty on ttyS0.
cloud-init[[0;32m  OK  [0m] Reached target Login Prompts.
         Starting Set console scheme...
[[0;32m  OK  [0m] Started LXD - container startup/shutdown.
[[0;32m  OK  [0m] Started LSB: daemon to balance interrupts for SMP systems.
[962]: |    E .    ...+++|[[0;32m  OK  [0m] Started Authenticate and Authorize Users to Run Privileged Tasks.
[[0;32m  OK  [0m] Started Accounts Service.

[[0;32m  OK  [0m] Started Set console scheme.
[   15.327736] cloud-init[962]: |     o  .  . ..==|
[   15.330533] cloud-init[962]: |      o. ..  + o=|
[   15.344569] cloud-init[[0;32m  OK  [0m] Started LSB: automatic crash report generation.
[[0;32m  OK  [0m] Started Virtualbox guest utils.
[962]: |      .. .. ..=oo|
[   15.349620] cloud-init[962]: +----[SHA256]-----+
[   15.351521] cloud-init[962]: Generating public/private ed25519 key pair.
[   15.354292] cloud-init[962]: Your identification has been saved in /etc/ssh/ssh_host_ed25519_key.
[   15.356062] cloud-init[962]: Your public key has been saved in /etc/ssh/ssh_host_ed25519_key.pub.
[   15.358481] cloud-init[962]: The key fingerprint is:
[   15.361898] cloud-init[962]: SHA256:QJVjl6Z4sbiwI7hb/qXCtg0ae4xwmZPeUzlhlX7mFKY root@ubuntu-xenial
[   15.365310] cloud-init[962]: The key's randomart image is:
[   15.368070] cloud-init[962]: +--[ED25519 256]--+
[   15.369911] cloud-init[962]: |      ...o .     |
[   15.373969] cloud-init[962]: |     .  B *      |
[   15.384793] cloud-init[962]: |      .* X .     |
[   15.387075] cloud-init[962]: |    . =.E +      |
[   15.391636] cloud-init[962]: | . + + =S=       |
[   15.393129] cloud-init[962]: |o B o =   .      |
[   15.395170] cloud-init[962]: |oBo+ o..         |
[   15.397841] cloud-init[962]: |o*Booo           |
[   15.398919] cloud-init[962]: |++o++.           |
[   15.400177] cloud-init[962]: +----[SHA256]-----+
[[0;32m  OK  [0m] Started Snap Daemon.
         Starting Wait until snapd is fully seeded...
[[0;32m  OK  [0m] Started Pollinate to seed the pseudo random number generator.
         Starting OpenBSD Secure Shell server...
[[0;32m  OK  [0m] Started OpenBSD Secure Shell server.
[[0;32m  OK  [0m] Started Wait until snapd is fully seeded.
         Starting Apply the settings specified in cloud-config...
[[0;32m  OK  [0m] Reached target Multi-User System.
[[0;32m  OK  [0m] Reached target Graphical Interface.
         Starting Update UTMP about System Runlevel Changes...
[[0;32m  OK  [0m] Started Update UTMP about System Runlevel Changes.
[   16.583012] cloud-init[1314]: Generating locales (this might take a while)...
[   17.291846] cloud-init[1314]:   en_US.UTF-8... done
[   17.293342] cloud-init[1314]: Generation complete.
[   17.635419] cloud-init[1314]: Cloud-init v. 21.1-19-gbad84ad4-0ubuntu1~16.04.2 running 'modules:config' at Thu, 15 Jul 2021 09:24:58 +0000. Up 16.48 seconds.
[[0;32m  OK  [0m] Started Apply the settings specified in cloud-config.
         Starting Execute cloud user/final scripts...
ci-info: no authorized SSH keys fingerprints found for user ubuntu.
<14>Jul 15 09:24:59 ec2: 
<14>Jul 15 09:24:59 ec2: #############################################################
<14>Jul 15 09:24:59 ec2: -----BEGIN SSH HOST KEY FINGERPRINTS-----
<14>Jul 15 09:24:59 ec2: 1024 SHA256:tSTmEOV0yg9o9D8QMFbkOlyeMZAM84Dm6Db0I3v+dLw root@ubuntu-xenial (DSA)
<14>Jul 15 09:24:59 ec2: 256 SHA256:tXdZJXpNGHBCvQTx1vr8iO30egxhex4HZ3kOLuqgw4Q root@ubuntu-xenial (ECDSA)
<14>Jul 15 09:24:59 ec2: 256 SHA256:QJVjl6Z4sbiwI7hb/qXCtg0ae4xwmZPeUzlhlX7mFKY root@ubuntu-xenial (ED25519)
<14>Jul 15 09:24:59 ec2: 2048 SHA256:Pz1g0oRB9kqP37QoRAfNG9Je8cWVr6KBHHXL/dKI6j8 root@ubuntu-xenial (RSA)
<14>Jul 15 09:24:59 ec2: -----END SSH HOST KEY FINGERPRINTS-----
<14>Jul 15 09:24:59 ec2: #############################################################
-----BEGIN SSH HOST KEY KEYS-----
ecdsa-sha2-nistp256 AAAAE2VjZHNhLXNoYTItbmlzdHAyNTYAAAAIbmlzdHAyNTYAAABBBL0SP4OO0Q9ehuECEyY+4+RTc71QF+ivI4p5MpgrQmfDoO6DpL63s+Q6+uzSVtiDPod8eB5a1FEemfIaxAExHUA= root@ubuntu-xenial
ssh-ed25519 AAAAC3NzaC1lZDI1NTE5AAAAIKAU78kPo+p/StH6uGL34T5AtamQ/U5jLXFh3LWpCx+B root@ubuntu-xenial
ssh-rsa AAAAB3NzaC1yc2EAAAADAQABAAABAQCm3Ry+mnS9qSs3aPAGiEAiwvBninkbM3kpVetR8pkSEmjd4ljDGXXCFXTNA3HsPmCW00dhhM2Ku8a18kf2zqLzhbUiHVL2Pxv0+yZwRaSzsnW04KOYK3H6IMyN9oIP+i9hueQ9gqLgT7POFA7+UekyWIY0R3RZV9H3KZh44xun/Nc1a7GxlM6qjVgNfcYr1E+VVnfdls75QdXLLEepL+aqZieEvwJVguo2Hf3jI5OLhywpiuyUVGKwaVnYANYg9FIxo8/MFs0iNgwmmuUMW2amMuZ7Ai8GT8EC9bVAa0kTXlujZcCOPTWd4GgblXO69iYg9fHLJfFScuf8/s0QVxIr root@ubuntu-xenial
-----END SSH HOST KEY KEYS-----
[   18.144591] cloud-init[1357]: Cloud-init v. 21.1-19-gbad84ad4-0ubuntu1~16.04.2 running 'modules:final' at Thu, 15 Jul 2021 09:24:59 +0000. Up 17.98 seconds.
[   18.152408] cloud-init[1357]: ci-info: no authorized SSH keys fingerprints found for user ubuntu.
[   18.154746] cloud-init[1357]: Cloud-init v. 21.1-19-gbad84ad4-0ubuntu1~16.04.2 finished at Thu, 15 Jul 2021 09:24:59 +0000. Datasource DataSourceNoCloud [seed=/dev/sdb][dsmode=net].  Up 18.13 seconds
[[0;32m  OK  [0m] Started Execute cloud user/final scripts.
[[0;32m  OK  [0m] Reached target Cloud-init target.

Ubuntu 16.04.7 LTS ubuntu-xenial ttyS0

ubuntu-xenial login: 